This is pdfTeX, Version 3.14159265-2.6-1.40.19 (TeX Live 2018) (preloaded format=pdflatex 2019.5.1)  8 OCT 2019 18:42
entering extended mode
 restricted \write18 enabled.
 %&-line parsing enabled.
**201920_SU_ATG.tex
(./201920_SU_ATG.tex
LaTeX2e <2018-12-01>
(/usr/local/texlive/2018/texmf-dist/tex/latex/amscls/amsart.cls
Document Class: amsart 2017/10/31 v2.20.4
\linespacing=\dimen102
\normalparindent=\dimen103
\normaltopskip=\skip41
(/usr/local/texlive/2018/texmf-dist/tex/latex/amsmath/amsmath.sty
Package: amsmath 2018/12/01 v2.17b AMS math features
\@mathmargin=\skip42

For additional information on amsmath, use the `?' option.
(/usr/local/texlive/2018/texmf-dist/tex/latex/amsmath/amstext.sty
Package: amstext 2000/06/29 v2.01 AMS text

(/usr/local/texlive/2018/texmf-dist/tex/latex/amsmath/amsgen.sty
File: amsgen.sty 1999/11/30 v2.0 generic functions
\@emptytoks=\toks14
\ex@=\dimen104
))
(/usr/local/texlive/2018/texmf-dist/tex/latex/amsmath/amsbsy.sty
Package: amsbsy 1999/11/29 v1.2d Bold Symbols
\pmbraise@=\dimen105
)
(/usr/local/texlive/2018/texmf-dist/tex/latex/amsmath/amsopn.sty
Package: amsopn 2016/03/08 v2.02 operator names
)
\inf@bad=\count80
LaTeX Info: Redefining \frac on input line 223.
\uproot@=\count81
\leftroot@=\count82
LaTeX Info: Redefining \overline on input line 385.
\classnum@=\count83
\DOTSCASE@=\count84
LaTeX Info: Redefining \ldots on input line 482.
LaTeX Info: Redefining \dots on input line 485.
LaTeX Info: Redefining \cdots on input line 606.
\Mathstrutbox@=\box27
\strutbox@=\box28
\big@size=\dimen106
LaTeX Font Info:    Redeclaring font encoding OML on input line 729.
LaTeX Font Info:    Redeclaring font encoding OMS on input line 730.
\macc@depth=\count85
\c@MaxMatrixCols=\count86
\dotsspace@=\muskip10
\c@parentequation=\count87
\dspbrk@lvl=\count88
\tag@help=\toks15
\row@=\count89
\column@=\count90
\maxfields@=\count91
\andhelp@=\toks16
\eqnshift@=\dimen107
\alignsep@=\dimen108
\tagshift@=\dimen109
\tagwidth@=\dimen110
\totwidth@=\dimen111
\lineht@=\dimen112
\@envbody=\toks17
\multlinegap=\skip43
\multlinetaggap=\skip44
\mathdisplay@stack=\toks18
LaTeX Info: Redefining \[ on input line 2844.
LaTeX Info: Redefining \] on input line 2845.
)
LaTeX Font Info:    Try loading font information for U+msa on input line 398.

(/usr/local/texlive/2018/texmf-dist/tex/latex/amsfonts/umsa.fd
File: umsa.fd 2013/01/14 v3.01 AMS symbols A
)
(/usr/local/texlive/2018/texmf-dist/tex/latex/amsfonts/amsfonts.sty
Package: amsfonts 2013/01/14 v3.01 Basic AMSFonts support
\symAMSa=\mathgroup4
\symAMSb=\mathgroup5
LaTeX Font Info:    Overwriting math alphabet `\mathfrak' in version `bold'
(Font)                  U/euf/m/n --> U/euf/b/n on input line 106.
)
\copyins=\insert199
\abstractbox=\box29
\listisep=\skip45
\c@part=\count92
\c@section=\count93
\c@subsection=\count94
\c@subsubsection=\count95
\c@paragraph=\count96
\c@subparagraph=\count97
\c@figure=\count98
\c@table=\count99
\abovecaptionskip=\skip46
\belowcaptionskip=\skip47
\captionindent=\dimen113
\thm@style=\toks19
\thm@bodyfont=\toks20
\thm@headfont=\toks21
\thm@notefont=\toks22
\thm@headpunct=\toks23
\thm@preskip=\skip48
\thm@postskip=\skip49
\thm@headsep=\skip50
\dth@everypar=\toks24
)
(/usr/local/texlive/2018/texmf-dist/tex/latex/base/inputenc.sty
Package: inputenc 2018/08/11 v1.3c Input encoding file
\inpenc@prehook=\toks25
\inpenc@posthook=\toks26
)
(/usr/local/texlive/2018/texmf-dist/tex/generic/babel/babel.sty
Package: babel 2018/11/13 3.27 The Babel package

(/usr/local/texlive/2018/texmf-dist/tex/generic/babel/switch.def
File: switch.def 2018/11/13 3.27 Babel switching mechanism
)
(/usr/local/texlive/2018/texmf-dist/tex/generic/babel-french/frenchb.ldf
Language: frenchb 2019/01/30 v3.5d French support from the babel system


Package babel-french Warning: Option `frenchb' for Babel is *deprecated*,
(babel-french)                it might be removed sooner or later. Please
(babel-french)                use `french' instead; reported on input line 35.

(/usr/local/texlive/2018/texmf-dist/tex/generic/babel-french/french.ldf
Language: french 2019/01/30 v3.5d French support from the babel system

(/usr/local/texlive/2018/texmf-dist/tex/generic/babel/babel.def
File: babel.def 2018/11/13 3.27 Babel common definitions
\babel@savecnt=\count100
\U@D=\dimen114

(/usr/local/texlive/2018/texmf-dist/tex/generic/babel/txtbabel.def)
\bbl@dirlevel=\count101
)
\l@acadian = a dialect from \language\l@french 
\FB@nonchar=\count102
Package babel Info: Making : an active character on input line 414.
Package babel Info: Making ; an active character on input line 415.
Package babel Info: Making ! an active character on input line 416.
Package babel Info: Making ? an active character on input line 417.
\FBguill@level=\count103
\FBold@everypar=\toks27
\FB@Mht=\dimen115
\mc@charclass=\count104
\mc@charfam=\count105
\mc@charslot=\count106
\std@mcc=\count107
\dec@mcc=\count108
\c@FBcaption@count=\count109
\listindentFB=\dimen116
\descindentFB=\dimen117
\labelindentFB=\dimen118
\labelwidthFB=\dimen119
\leftmarginFB=\dimen120
\parindentFFN=\dimen121
\FBfnindent=\dimen122
)))
(/usr/local/texlive/2018/texmf-dist/tex/latex/carlisle/scalefnt.sty)
(/usr/local/texlive/2018/texmf-dist/tex/latex/graphics/keyval.sty
Package: keyval 2014/10/28 v1.15 key=value parser (DPC)
\KV@toks@=\toks28
)
(/usr/local/texlive/2018/texmf-dist/tex/latex/geometry/geometry.sty
Package: geometry 2018/04/16 v5.8 Page Geometry

(/usr/local/texlive/2018/texmf-dist/tex/generic/oberdiek/ifpdf.sty
Package: ifpdf 2018/09/07 v3.3 Provides the ifpdf switch
)
(/usr/local/texlive/2018/texmf-dist/tex/generic/oberdiek/ifvtex.sty
Package: ifvtex 2016/05/16 v1.6 Detect VTeX and its facilities (HO)
Package ifvtex Info: VTeX not detected.
)
(/usr/local/texlive/2018/texmf-dist/tex/generic/ifxetex/ifxetex.sty
Package: ifxetex 2010/09/12 v0.6 Provides ifxetex conditional
)
\Gm@cnth=\count110
\Gm@cntv=\count111
\c@Gm@tempcnt=\count112
\Gm@bindingoffset=\dimen123
\Gm@wd@mp=\dimen124
\Gm@odd@mp=\dimen125
\Gm@even@mp=\dimen126
\Gm@layoutwidth=\dimen127
\Gm@layoutheight=\dimen128
\Gm@layouthoffset=\dimen129
\Gm@layoutvoffset=\dimen130
\Gm@dimlist=\toks29
)
(/usr/local/texlive/2018/texmf-dist/tex/latex/graphics/graphicx.sty
Package: graphicx 2017/06/01 v1.1a Enhanced LaTeX Graphics (DPC,SPQR)

(/usr/local/texlive/2018/texmf-dist/tex/latex/graphics/graphics.sty
Package: graphics 2017/06/25 v1.2c Standard LaTeX Graphics (DPC,SPQR)

(/usr/local/texlive/2018/texmf-dist/tex/latex/graphics/trig.sty
Package: trig 2016/01/03 v1.10 sin cos tan (DPC)
)
(/usr/local/texlive/2018/texmf-dist/tex/latex/graphics-cfg/graphics.cfg
File: graphics.cfg 2016/06/04 v1.11 sample graphics configuration
)
Package graphics Info: Driver file: pdftex.def on input line 99.

(/usr/local/texlive/2018/texmf-dist/tex/latex/graphics-def/pdftex.def
File: pdftex.def 2018/01/08 v1.0l Graphics/color driver for pdftex
))
\Gin@req@height=\dimen131
\Gin@req@width=\dimen132
)
(/usr/local/texlive/2018/texmf-dist/tex/latex/graphics/epsfig.sty
Package: epsfig 2017/06/25 v1.7b (e)psfig emulation (SPQR)
\epsfxsize=\dimen133
\epsfysize=\dimen134
)
(/usr/local/texlive/2018/texmf-dist/tex/latex/graphics/color.sty
Package: color 2016/07/10 v1.1e Standard LaTeX Color (DPC)

(/usr/local/texlive/2018/texmf-dist/tex/latex/graphics-cfg/color.cfg
File: color.cfg 2016/01/02 v1.6 sample color configuration
)
Package color Info: Driver file: pdftex.def on input line 147.
)
(/usr/local/texlive/2018/texmf-dist/tex/latex/amsmath/amscd.sty
Package: amscd 2017/04/14 v2.1 AMS Commutative Diagrams
\athelp@=\toks30
\minaw@=\dimen135
\bigaw@=\dimen136
\minCDarrowwidth=\dimen137
)
(/usr/local/texlive/2018/texmf-dist/tex/latex/amsfonts/amssymb.sty
Package: amssymb 2013/01/14 v3.01 AMS font symbols
)
(/usr/local/texlive/2018/texmf-dist/tex/latex/enumitem/enumitem.sty
Package: enumitem 2019/02/04 v3.8 Customized lists
\labelindent=\skip51
\enit@outerparindent=\dimen138
\enit@toks=\toks31
\enit@inbox=\box30
\enit@count@id=\count113
\enitdp@description=\count114
)
\c@theoreme=\count115

(/usr/local/texlive/2018/texmf-dist/tex/generic/xypic/xy.tex Bootstrap'ing:
catcodes, docmode,
(/usr/local/texlive/2018/texmf-dist/tex/generic/xypic/xyrecat.tex)
(/usr/local/texlive/2018/texmf-dist/tex/generic/xypic/xyidioms.tex)

 Xy-pic version 3.8.9 <2013/10/06>
 Copyright (c) 1991-2013 by Kristoffer H. Rose <krisrose@tug.org> and others
 Xy-pic is free software: see the User's Guide for details.

Loading kernel: messages; fonts; allocations: state,
\X@c=\dimen139
\Y@c=\dimen140
\U@c=\dimen141
\D@c=\dimen142
\L@c=\dimen143
\R@c=\dimen144
\Edge@c=\toks32
\X@p=\dimen145
\Y@p=\dimen146
\U@p=\dimen147
\D@p=\dimen148
\L@p=\dimen149
\R@p=\dimen150
\Edge@p=\toks33
\X@origin=\dimen151
\Y@origin=\dimen152
\X@xbase=\dimen153
\Y@xbase=\dimen154
\X@ybase=\dimen155
\Y@ybase=\dimen156
\X@min=\dimen157
\Y@min=\dimen158
\X@max=\dimen159
\Y@max=\dimen160
\lastobjectbox@=\box31
\zerodotbox@=\box32
\almostz@=\dimen161
 direction,
\d@X=\dimen162
\d@Y=\dimen163
\K@=\count116
\KK@=\count117
\Direction=\count118
\K@dXdY=\dimen164
\K@dYdX=\dimen165
\xyread@=\read1
\xywrite@=\write3
\csp@=\count119
\quotPTK@=\dimen166

utility macros; pictures: \xy, positions,
\swaptoks@@=\toks34
\connectobjectbox@@=\box33
 objects,
\styletoks@=\toks35
 decorations;
kernel objects: directionals, circles, text; options; algorithms: directions,
edges, connections;  Xy-pic loaded)
(/usr/local/texlive/2018/texmf-dist/tex/generic/xypic/xyall.tex
 Xy-pic option: All features v.3.8
(/usr/local/texlive/2018/texmf-dist/tex/generic/xypic/xycurve.tex
 Xy-pic option: Curve and Spline extension v.3.12 curve,
\crv@cnt@=\count120
\crvpts@=\toks36
\splinebox@=\box34
\splineval@=\dimen167
\splinedepth@=\dimen168
\splinetol@=\dimen169
\splinelength@=\dimen170
 circles,
\L@=\dimen171
 loaded)
(/usr/local/texlive/2018/texmf-dist/tex/generic/xypic/xyframe.tex
 Xy-pic option: Frame and Bracket extension v.3.14 loaded)
(/usr/local/texlive/2018/texmf-dist/tex/generic/xypic/xycmtip.tex
 Xy-pic option: Computer Modern tip extension v.3.7
(/usr/local/texlive/2018/texmf-dist/tex/generic/xypic/xytips.tex
 Xy-pic option: More Tips extension v.3.11 loaded) loaded)
(/usr/local/texlive/2018/texmf-dist/tex/generic/xypic/xyline.tex
 Xy-pic option: Line styles extension v.3.10
\xylinethick@=\dimen172
 loaded)
(/usr/local/texlive/2018/texmf-dist/tex/generic/xypic/xyrotate.tex
 Xy-pic option: Rotate and Scale extension v.3.8 loaded)
(/usr/local/texlive/2018/texmf-dist/tex/generic/xypic/xycolor.tex
 Xy-pic option: Colour extension v.3.11 loaded)
(/usr/local/texlive/2018/texmf-dist/tex/generic/xypic/xymatrix.tex
 Xy-pic option: Matrix feature v.3.14
\Row=\count121
\Col=\count122
\queue@=\toks37
\queue@@=\toks38
\qcount@=\count123
\qcount@@=\count124
\matrixsize@=\count125
 loaded)
(/usr/local/texlive/2018/texmf-dist/tex/generic/xypic/xyarrow.tex
 Xy-pic option: Arrow and Path feature v.3.9 path, \ar, loaded)
(/usr/local/texlive/2018/texmf-dist/tex/generic/xypic/xygraph.tex
 Xy-pic option: Graph feature v.3.11 loaded) loaded)
\@indexfile=\write4
\openout4 = `201920_SU_ATG.idx'.


Writing index file 201920_SU_ATG.idx
(./201920_SU_ATG.aux

LaTeX Warning: Label `FactTransfert' multiply defined.


LaTeX Warning: Label `LimProj' multiply defined.

)
\openout1 = `201920_SU_ATG.aux'.

LaTeX Font Info:    Checking defaults for OML/cmm/m/it on input line 70.
LaTeX Font Info:    ... okay on input line 70.
LaTeX Font Info:    Checking defaults for T1/cmr/m/n on input line 70.
LaTeX Font Info:    ... okay on input line 70.
LaTeX Font Info:    Checking defaults for OT1/cmr/m/n on input line 70.
LaTeX Font Info:    ... okay on input line 70.
LaTeX Font Info:    Checking defaults for OMS/cmsy/m/n on input line 70.
LaTeX Font Info:    ... okay on input line 70.
LaTeX Font Info:    Checking defaults for OMX/cmex/m/n on input line 70.
LaTeX Font Info:    ... okay on input line 70.
LaTeX Font Info:    Checking defaults for U/cmr/m/n on input line 70.
LaTeX Font Info:    ... okay on input line 70.
LaTeX Font Info:    Try loading font information for U+msa on input line 70.
 (/usr/local/texlive/2018/texmf-dist/tex/latex/amsfonts/umsa.fd
File: umsa.fd 2013/01/14 v3.01 AMS symbols A
)
LaTeX Font Info:    Try loading font information for U+msb on input line 70.

(/usr/local/texlive/2018/texmf-dist/tex/latex/amsfonts/umsb.fd
File: umsb.fd 2013/01/14 v3.01 AMS symbols B
)
LaTeX Info: Redefining \degres on input line 70.
LaTeX Info: Redefining \dots on input line 70.
Package french.ldf Info: Setting StandardItemizeEnv=true for
(french.ldf)             compatibility with enumitem package,
(french.ldf)             reported on input line 70.
Package french.ldf Info: Setting StandardEnumerateEnv=true for
(french.ldf)             compatibility with enumitem package,
(french.ldf)             reported on input line 70.
LaTeX Info: Redefining \up on input line 70.


Package french.ldf Warning: OT1 encoding should not be used for French.
(french.ldf)                Add \usepackage[T1]{fontenc} to the preamble
(french.ldf)                of your document; reported on input line 70.

*geometry* driver: auto-detecting
*geometry* detected driver: pdftex
*geometry* verbose mode - [ preamble ] result:
* driver: pdftex
* paper: a4paper
* layout: <same size as paper>
* layoutoffset:(h,v)=(0.0pt,0.0pt)
* modes: twoside 
* h-part:(L,W,R)=(42.67912pt, 512.14963pt, 42.67912pt)
* v-part:(T,H,B)=(99.58464pt, 688.5567pt, 56.9055pt)
* \paperwidth=597.50787pt
* \paperheight=845.04684pt
* \textwidth=512.14963pt
* \textheight=688.5567pt
* \oddsidemargin=-29.59087pt
* \evensidemargin=-29.59087pt
* \topmargin=5.31465pt
* \headheight=8.0pt
* \headsep=14.0pt
* \topskip=10.0pt
* \footskip=12.0pt
* \marginparwidth=90.0pt
* \marginparsep=11.0pt
* \columnsep=10.0pt
* \skip\footins=7.0pt plus 11.0pt
* \hoffset=0.0pt
* \voffset=0.0pt
* \mag=1000
* \@twocolumnfalse
* \@twosidetrue
* \@mparswitchtrue
* \@reversemarginfalse
* (1in=72.27pt=25.4mm, 1cm=28.453pt)

(/usr/local/texlive/2018/texmf-dist/tex/context/base/mkii/supp-pdf.mkii
[Loading MPS to PDF converter (version 2006.09.02).]
\scratchcounter=\count126
\scratchdimen=\dimen173
\scratchbox=\box35
\nofMPsegments=\count127
\nofMParguments=\count128
\everyMPshowfont=\toks39
\MPscratchCnt=\count129
\MPscratchDim=\dimen174
\MPnumerator=\count130
\makeMPintoPDFobject=\count131
\everyMPtoPDFconversion=\toks40
) (/usr/local/texlive/2018/texmf-dist/tex/latex/oberdiek/epstopdf-base.sty
Package: epstopdf-base 2016/05/15 v2.6 Base part for package epstopdf

(/usr/local/texlive/2018/texmf-dist/tex/generic/oberdiek/infwarerr.sty
Package: infwarerr 2016/05/16 v1.4 Providing info/warning/error messages (HO)
)
(/usr/local/texlive/2018/texmf-dist/tex/latex/oberdiek/grfext.sty
Package: grfext 2016/05/16 v1.2 Manage graphics extensions (HO)

(/usr/local/texlive/2018/texmf-dist/tex/generic/oberdiek/kvdefinekeys.sty
Package: kvdefinekeys 2016/05/16 v1.4 Define keys (HO)

(/usr/local/texlive/2018/texmf-dist/tex/generic/oberdiek/ltxcmds.sty
Package: ltxcmds 2016/05/16 v1.23 LaTeX kernel commands for general use (HO)
)))
(/usr/local/texlive/2018/texmf-dist/tex/latex/oberdiek/kvoptions.sty
Package: kvoptions 2016/05/16 v3.12 Key value format for package options (HO)

(/usr/local/texlive/2018/texmf-dist/tex/generic/oberdiek/kvsetkeys.sty
Package: kvsetkeys 2016/05/16 v1.17 Key value parser (HO)

(/usr/local/texlive/2018/texmf-dist/tex/generic/oberdiek/etexcmds.sty
Package: etexcmds 2016/05/16 v1.6 Avoid name clashes with e-TeX commands (HO)

(/usr/local/texlive/2018/texmf-dist/tex/generic/oberdiek/ifluatex.sty
Package: ifluatex 2016/05/16 v1.4 Provides the ifluatex switch (HO)
Package ifluatex Info: LuaTeX not detected.
)
Package etexcmds Info: Could not find \expanded.
(etexcmds)             That can mean that you are not using pdfTeX 1.50 or
(etexcmds)             that some package has redefined \expanded.
(etexcmds)             In the latter case, load this package earlier.
)))
(/usr/local/texlive/2018/texmf-dist/tex/generic/oberdiek/pdftexcmds.sty
Package: pdftexcmds 2018/09/10 v0.29 Utility functions of pdfTeX for LuaTeX (HO
)
Package pdftexcmds Info: LuaTeX not detected.
Package pdftexcmds Info: \pdf@primitive is available.
Package pdftexcmds Info: \pdf@ifprimitive is available.
Package pdftexcmds Info: \pdfdraftmode found.
)
Package epstopdf-base Info: Redefining graphics rule for `.eps' on input line 4
38.
Package grfext Info: Graphics extension search list:
(grfext)             [.pdf,.png,.jpg,.mps,.jpeg,.jbig2,.jb2,.PDF,.PNG,.JPG,.JPE
G,.JBIG2,.JB2,.eps]
(grfext)             \AppendGraphicsExtensions on input line 456.

(/usr/local/texlive/2018/texmf-dist/tex/latex/latexconfig/epstopdf-sys.cfg
File: epstopdf-sys.cfg 2010/07/13 v1.3 Configuration of (r)epstopdf for TeX Liv
e
))
(./201920_SU_ATG.toc [1{/usr/local/texlive/2018/texmf-var/fonts/map/pdftex/updm
ap/pdftex.map}])
\tf@toc=\write5
\openout5 = `201920_SU_ATG.toc'.


Underfull \hbox (badness 10000) in paragraph at lines 85--86

 []


Underfull \hbox (badness 10000) in paragraph at lines 87--88

 []


Underfull \hbox (badness 10000) in paragraph at lines 89--90

 []


Underfull \hbox (badness 10000) in paragraph at lines 108--109

 []


Overfull \hbox (9.37839pt too wide) has occurred while \output is active
[] \OT1/cmr/m/n/9 ANNA CADORET  COURS DE MASTER 1 []A SORBONNE UNIVERSIT[]E - V
ERSION 2019 (EN COURS D'ACTUALISATION) 
 []

[2]
Underfull \hbox (badness 10000) in paragraph at lines 115--116

 []


Underfull \hbox (badness 10000) in paragraph at lines 123--124

 []


Underfull \hbox (badness 10000) in paragraph at lines 125--126

 []


Underfull \hbox (badness 10000) in paragraph at lines 127--128

 []


Underfull \hbox (badness 10000) in paragraph at lines 130--131

 []


Underfull \hbox (badness 10000) in paragraph at lines 133--134

 []


Underfull \hbox (badness 10000) in paragraph at lines 136--137

 []


Underfull \hbox (badness 10000) in paragraph at lines 146--147

 []

[3]
Underfull \hbox (badness 10000) in paragraph at lines 157--158

 []


Underfull \hbox (badness 10000) in paragraph at lines 159--160

 []


Underfull \hbox (badness 10000) in paragraph at lines 163--164

 []


Underfull \hbox (badness 10000) in paragraph at lines 173--175

 []


Underfull \hbox (badness 10000) in paragraph at lines 176--177

 []


Overfull \hbox (9.37839pt too wide) has occurred while \output is active
[] \OT1/cmr/m/n/9 ANNA CADORET  COURS DE MASTER 1 []A SORBONNE UNIVERSIT[]E - V
ERSION 2019 (EN COURS D'ACTUALISATION) 
 []

[4]
Underfull \hbox (badness 10000) in paragraph at lines 182--183

 []


Underfull \hbox (badness 10000) in paragraph at lines 202--204

 []

<xymatrix 4x3 257>
Underfull \vbox (badness 1424) has occurred while \output is active []

 [5]
Underfull \hbox (badness 10000) in paragraph at lines 225--226

 []


Underfull \hbox (badness 10000) in paragraph at lines 228--230

 []


Underfull \hbox (badness 10000) in paragraph at lines 232--233

 []


Overfull \hbox (9.37839pt too wide) has occurred while \output is active
[] \OT1/cmr/m/n/9 ANNA CADORET  COURS DE MASTER 1 []A SORBONNE UNIVERSIT[]E - V
ERSION 2019 (EN COURS D'ACTUALISATION) 
 []

[6]
Overfull \hbox (33.58586pt too wide) in paragraph at lines 249--251
\OML/cmm/m/it/12 ev[]\OT1/cmr/m/n/12 ([][] \OML/cmm/m/it/12 a[]X[]\OT1/cmr/m/n/
12 ) = [][] \OML/cmm/m/it/12 ^^^\OT1/cmr/m/n/12 (\OML/cmm/m/it/12 a[]\OT1/cmr/m
/n/12 )\OML/cmm/m/it/12 b[];$ \OT1/cmr/m/n/12 est bien un mor-phisme d'an-neaux
, ce qui l^^Ra en-core r^^Sesulte imm^^Sediatement
 []


Underfull \hbox (badness 10000) in paragraph at lines 253--254

 []


Underfull \hbox (badness 10000) in paragraph at lines 256--260

 []


Underfull \hbox (badness 10000) in paragraph at lines 260--262

 []


Underfull \hbox (badness 10000) in paragraph at lines 265--267

 []

[7]
Underfull \hbox (badness 10000) in paragraph at lines 268--269

 []


Underfull \hbox (badness 10000) in paragraph at lines 271--273

 []


Overfull \hbox (36.01285pt too wide) in paragraph at lines 276--278
\OT1/cmr/m/n/12 en rem-pla^^Xcant $(\U/msb/m/n/12 N\OML/cmm/m/it/12 ; \OT1/cmr/
m/n/12 +)$ par n'im-porte quel mono^^?^^Pde $(\OML/cmm/m/it/12 N; \OMS/cmsy/m/n
/12 ^^A\OT1/cmr/m/n/12 )$ (non n^^Secessairement com-mu-ta-tif, non n^^Secessai
rement
 []


Underfull \hbox (badness 10000) in paragraph at lines 287--288

 []


Underfull \hbox (badness 10000) in paragraph at lines 290--292

 []


Underfull \hbox (badness 10000) in paragraph at lines 293--294

 []


Underfull \hbox (badness 10000) in paragraph at lines 296--298

 []


Overfull \hbox (9.37839pt too wide) has occurred while \output is active
[] \OT1/cmr/m/n/9 ANNA CADORET  COURS DE MASTER 1 []A SORBONNE UNIVERSIT[]E - V
ERSION 2019 (EN COURS D'ACTUALISATION) 
 []

[8]
Underfull \hbox (badness 10000) in paragraph at lines 299--301

 []


Package amsfonts Warning: Obsolete command \frak; \mathfrak should be used inst
ead on input line 303.

LaTeX Font Info:    Try loading font information for U+euf on input line 303.
(/usr/local/texlive/2018/texmf-dist/tex/latex/amsfonts/ueuf.fd
File: ueuf.fd 2013/01/14 v3.01 Euler Fraktur
)
Overfull \hbox (1.9253pt too wide) in paragraph at lines 304--306
\OT1/cmr/m/n/12 de $\OML/cmm/m/it/12 A$\OT1/cmr/m/n/12 -alg^^Rebres $\OML/cmm/m
/it/12 ev[] \OT1/cmr/m/n/12 : \OML/cmm/m/it/12 A\OT1/cmr/m/n/12 [\OML/cmm/m/it/
12 X[]; [] ; X[]\OT1/cmr/m/n/12 ] \OMS/cmsy/m/n/12 ! \OML/cmm/m/it/12 B$ \OT1/c
mr/m/n/12 tel que $\OML/cmm/m/it/12 ev[]\OT1/cmr/m/n/12 (\OML/cmm/m/it/12 X[]\O
T1/cmr/m/n/12 ) = \OML/cmm/m/it/12 b[]$\OT1/cmr/m/n/12 , $\OML/cmm/m/it/12 i \O
T1/cmr/m/n/12 = 1\OML/cmm/m/it/12 ; [] r$ \OT1/cmr/m/n/12 (donc $\OML/cmm/m/it/
12 ev[]\OT1/cmr/m/n/12 ([][] \OML/cmm/m/it/12 a[][][]\OT1/cmr/m/n/12 ) =
 []


Underfull \hbox (badness 10000) in paragraph at lines 304--306

 []


Underfull \hbox (badness 10000) in paragraph at lines 308--309

 []


Underfull \hbox (badness 10000) in paragraph at lines 310--311

 []


Underfull \hbox (badness 10000) in paragraph at lines 313--315

 []


Underfull \hbox (badness 10000) in paragraph at lines 316--317

 []


Underfull \hbox (badness 10000) in paragraph at lines 320--322

 []

[9]
Underfull \hbox (badness 10000) in paragraph at lines 333--334

 []


Underfull \hbox (badness 10000) in paragraph at lines 335--336

 []

<xymatrix 2x2 182>
Underfull \hbox (badness 10000) in paragraph at lines 348--349

 []


Overfull \hbox (1.44452pt too wide) in paragraph at lines 352--354
\OT1/cmr/m/n/12 Correction. \OT1/cmr/m/it/12 Ob-ser-vons d'abord que toute per-
mu-ta-tion $\OML/cmm/m/it/12 ^^[ \OMS/cmsy/m/n/12 2 S[]$ \OT1/cmr/m/it/12 in-du
it un au-to-mor-phisme du mono^^?^^Pde
 []


Overfull \hbox (42.47316pt too wide) in paragraph at lines 352--354
\OML/cmm/m/it/12 ev[]\OT1/cmr/m/n/12 (\OML/cmm/m/it/12 X[]\OT1/cmr/m/n/12 ) = \
OML/cmm/m/it/12 b[]$\OT1/cmr/m/it/12 , $\OML/cmm/m/it/12 i \OT1/cmr/m/n/12 = 1\
OML/cmm/m/it/12 ; [] ; r \OMS/cmsy/m/n/12 ^^@ \OT1/cmr/m/n/12 1$\OT1/cmr/m/it/1
2 . Puis, par la pro-pri^^Set^^Se uni-ver-selle de $\OML/cmm/m/it/12 ^^S[] \OT1
/cmr/m/n/12 : \OML/cmm/m/it/12 A\OT1/cmr/m/n/12 [\OML/cmm/m/it/12 X[]; [] ; X[]
\OT1/cmr/m/n/12 ] \OMS/cmsy/m/n/12 !
 []


Overfull \hbox (55.31885pt too wide) in paragraph at lines 352--354
\OML/cmm/m/it/12 A\OT1/cmr/m/n/12 [\OML/cmm/m/it/12 X[]; [] ; X[]\OT1/cmr/m/n/1
2 ]$\OT1/cmr/m/it/12 , il existe un unique mor-phisme de $\OML/cmm/m/it/12 A$\O
T1/cmr/m/it/12 -alg^^Rebre $\OML/cmm/m/it/12 ev[] \OT1/cmr/m/n/12 : \OML/cmm/m/
it/12 A\OT1/cmr/m/n/12 [\OML/cmm/m/it/12 X[]; [] ; X[]\OT1/cmr/m/n/12 ][\OML/cm
m/m/it/12 X[]\OT1/cmr/m/n/12 ] \OMS/cmsy/m/n/12 ! \OML/cmm/m/it/12 A\OT1/cmr/m/
n/12 [\OML/cmm/m/it/12 b[]; [] ; b[]\OT1/cmr/m/n/12 ][\OML/cmm/m/it/12 b[]\OT1/
cmr/m/n/12 ] =
 []


Underfull \hbox (badness 10000) in paragraph at lines 352--354

 []


Overfull \hbox (9.37839pt too wide) has occurred while \output is active
[] \OT1/cmr/m/n/9 ANNA CADORET  COURS DE MASTER 1 []A SORBONNE UNIVERSIT[]E - V
ERSION 2019 (EN COURS D'ACTUALISATION) 
 []

[10]
Underfull \hbox (badness 10000) in paragraph at lines 360--362

 []


Underfull \hbox (badness 10000) in paragraph at lines 363--364

 []


Underfull \hbox (badness 10000) in paragraph at lines 365--367

 []


Underfull \hbox (badness 10000) in paragraph at lines 368--369

 []


Underfull \hbox (badness 10000) in paragraph at lines 378--379

 []

[11]
Underfull \hbox (badness 10000) in paragraph at lines 395--396

 []


Underfull \hbox (badness 10000) in paragraph at lines 397--398

 []


Overfull \hbox (9.37839pt too wide) has occurred while \output is active
[] \OT1/cmr/m/n/9 ANNA CADORET  COURS DE MASTER 1 []A SORBONNE UNIVERSIT[]E - V
ERSION 2019 (EN COURS D'ACTUALISATION) 
 []

[12]
Underfull \hbox (badness 10000) in paragraph at lines 404--405

 []

<xymatrix 2x2 137>
Underfull \hbox (badness 10000) in paragraph at lines 413--415

 []

[13]
Underfull \hbox (badness 10000) in paragraph at lines 422--423

 []

<xymatrix 3x2 231> <xymatrix 3x2 190>
Underfull \hbox (badness 10000) in paragraph at lines 440--441

 []


Underfull \hbox (badness 10000) in paragraph at lines 446--447

 []


Overfull \hbox (24.51833pt too wide) in paragraph at lines 447--448
[]\OT1/cmr/m/n/12 Soit $\OML/cmm/m/it/12 I \OMS/cmsy/m/n/12 ^^Z \OML/cmm/m/it/1
2 A$ \OT1/cmr/m/n/12 un id^^Seal. Mon-trer qu'on a un iso-mor-phisme de $\OML/c
mm/m/it/12 A$\OT1/cmr/m/n/12 -alg^^Rebres ca-no-nique $\OML/cmm/m/it/12 A\OT1/c
mr/m/n/12 [\OML/cmm/m/it/12 X\OT1/cmr/m/n/12 ]\OML/cmm/m/it/12 =I\OT1/cmr/m/n/1
2 [\OML/cmm/m/it/12 X\OT1/cmr/m/n/12 ][](\OML/cmm/m/it/12 A=I\OT1/cmr/m/n/12 )[
\OML/cmm/m/it/12 X\OT1/cmr/m/n/12 ]$. 
 []


Underfull \hbox (badness 10000) in paragraph at lines 447--448

 []


Underfull \hbox (badness 10000) in paragraph at lines 449--450

 []


Underfull \hbox (badness 10000) in paragraph at lines 451--452

 []


Overfull \hbox (9.37839pt too wide) has occurred while \output is active
[] \OT1/cmr/m/n/9 ANNA CADORET  COURS DE MASTER 1 []A SORBONNE UNIVERSIT[]E - V
ERSION 2019 (EN COURS D'ACTUALISATION) 
 []

[14]
Underfull \hbox (badness 10000) in paragraph at lines 463--464

 []


Underfull \hbox (badness 10000) in paragraph at lines 483--484

 []

[15]
Underfull \hbox (badness 10000) in paragraph at lines 499--500

 []


Underfull \hbox (badness 10000) in paragraph at lines 506--507

 []


Underfull \hbox (badness 10000) in paragraph at lines 513--515

 []


Underfull \hbox (badness 10000) in paragraph at lines 516--517

 []


Underfull \hbox (badness 10000) in paragraph at lines 524--525

 []


Underfull \hbox (badness 10000) in paragraph at lines 530--531

 []


Underfull \hbox (badness 10000) in paragraph at lines 534--535

 []


Overfull \hbox (9.37839pt too wide) has occurred while \output is active
[] \OT1/cmr/m/n/9 ANNA CADORET  COURS DE MASTER 1 []A SORBONNE UNIVERSIT[]E - V
ERSION 2019 (EN COURS D'ACTUALISATION) 
 []

[16]
Underfull \hbox (badness 10000) in paragraph at lines 545--547

 []


Underfull \hbox (badness 10000) in paragraph at lines 548--549

 []


Underfull \hbox (badness 10000) in paragraph at lines 559--560

 []


Underfull \hbox (badness 10000) in paragraph at lines 565--566

 []


Underfull \hbox (badness 10000) in paragraph at lines 579--580

 []


Underfull \hbox (badness 10000) in paragraph at lines 581--582

 []

[17]
Underfull \hbox (badness 10000) in paragraph at lines 592--593

 []


Overfull \hbox (9.37839pt too wide) has occurred while \output is active
[] \OT1/cmr/m/n/9 ANNA CADORET  COURS DE MASTER 1 []A SORBONNE UNIVERSIT[]E - V
ERSION 2019 (EN COURS D'ACTUALISATION) 
 []

[18]
Underfull \hbox (badness 10000) in paragraph at lines 633--634

 []

[19]
Overfull \hbox (3.10837pt too wide) in paragraph at lines 646--646
\OT1/cmr/m/n/12 et la Pro-po-si-tion 3.3[] im-pliquent que $\OML/cmm/m/it/12 A\
OT1/cmr/m/n/12 [\OML/cmm/m/it/12 X[]; [] ; X[]\OT1/cmr/m/n/12 ]$ est un an-neau
 noe-the-rien. On conclut oar l'Exemple
 []


Underfull \hbox (badness 10000) in paragraph at lines 648--649

 []


Underfull \hbox (badness 10000) in paragraph at lines 650--651

 []


Underfull \hbox (badness 10000) in paragraph at lines 651--653

 []


Underfull \hbox (badness 10000) in paragraph at lines 654--655

 []


Underfull \hbox (badness 10000) in paragraph at lines 656--658

 []


Underfull \hbox (badness 10000) in paragraph at lines 660--661

 []


Underfull \hbox (badness 10000) in paragraph at lines 669--670

 []


Underfull \hbox (badness 10000) in paragraph at lines 680--681

 []


Underfull \hbox (badness 10000) in paragraph at lines 683--684

 []


Overfull \hbox (9.37839pt too wide) has occurred while \output is active
[] \OT1/cmr/m/n/9 ANNA CADORET  COURS DE MASTER 1 []A SORBONNE UNIVERSIT[]E - V
ERSION 2019 (EN COURS D'ACTUALISATION) 
 []

[20]
Underfull \hbox (badness 10000) in paragraph at lines 697--699

 []


Underfull \hbox (badness 10000) in paragraph at lines 700--701

 []


Underfull \hbox (badness 10000) in paragraph at lines 707--708

 []


Underfull \hbox (badness 10000) in paragraph at lines 709--710

 []

[21]
Underfull \hbox (badness 10000) in paragraph at lines 721--722

 []


Underfull \hbox (badness 10000) in paragraph at lines 727--729

 []


Underfull \hbox (badness 10000) in paragraph at lines 735--737

 []


Underfull \hbox (badness 10000) in paragraph at lines 738--739

 []


Underfull \hbox (badness 10000) in paragraph at lines 742--743

 []


Overfull \hbox (9.37839pt too wide) has occurred while \output is active
[] \OT1/cmr/m/n/9 ANNA CADORET  COURS DE MASTER 1 []A SORBONNE UNIVERSIT[]E - V
ERSION 2019 (EN COURS D'ACTUALISATION) 
 []

[22]
Underfull \hbox (badness 10000) in paragraph at lines 744--745

 []


Underfull \hbox (badness 10000) in paragraph at lines 748--749

 []


Underfull \hbox (badness 10000) in paragraph at lines 758--760

 []


Underfull \hbox (badness 10000) in paragraph at lines 765--767

 []


Underfull \hbox (badness 10000) in paragraph at lines 768--769

 []


Underfull \hbox (badness 10000) in paragraph at lines 772--773

 []


Underfull \hbox (badness 10000) in paragraph at lines 773--774

 []

[23]
Underfull \hbox (badness 10000) in paragraph at lines 775--776

 []


Underfull \hbox (badness 10000) in paragraph at lines 776--777

 []


Underfull \hbox (badness 10000) in paragraph at lines 779--780

 []


Underfull \hbox (badness 10000) in paragraph at lines 791--791

 []


Underfull \hbox (badness 10000) in paragraph at lines 794--795

 []


Underfull \hbox (badness 10000) in paragraph at lines 805--806

 []


Underfull \hbox (badness 10000) in paragraph at lines 807--808

 []


Underfull \hbox (badness 10000) in paragraph at lines 809--810

 []


Overfull \hbox (9.37839pt too wide) has occurred while \output is active
[] \OT1/cmr/m/n/9 ANNA CADORET  COURS DE MASTER 1 []A SORBONNE UNIVERSIT[]E - V
ERSION 2019 (EN COURS D'ACTUALISATION) 
 []

[24]
Underfull \hbox (badness 10000) in paragraph at lines 813--815

 []


Underfull \hbox (badness 10000) in paragraph at lines 816--817

 []


Underfull \hbox (badness 10000) in paragraph at lines 819--820

 []


Underfull \hbox (badness 10000) in paragraph at lines 827--828

 []


Underfull \hbox (badness 10000) in paragraph at lines 839--840

 []


Underfull \hbox (badness 10000) in paragraph at lines 841--842

 []

[25]
Overfull \hbox (3.149pt too wide) detected at line 851
\OML/cmm/m/it/12 s[]t[]\OT1/cmr/m/n/12 (\OML/cmm/m/it/12 ta \OT1/cmr/m/n/12 + \
OML/cmm/m/it/12 sb\OT1/cmr/m/n/12 ) \OMS/cmsy/m/n/12 ^^@ \OML/cmm/m/it/12 st\OT
1/cmr/m/n/12 (\OML/cmm/m/it/12 t[]a[] \OT1/cmr/m/n/12 + \OML/cmm/m/it/12 s[]b[]
\OT1/cmr/m/n/12 ) = (\OML/cmm/m/it/12 s[]a\OT1/cmr/m/n/12 )(\OML/cmm/m/it/12 t[
]t\OT1/cmr/m/n/12 ) + (\OML/cmm/m/it/12 ss[]\OT1/cmr/m/n/12 )(\OML/cmm/m/it/12 
t[]b\OT1/cmr/m/n/12 ) \OMS/cmsy/m/n/12 ^^@ \OT1/cmr/m/n/12 (\OML/cmm/m/it/12 sa
[]\OT1/cmr/m/n/12 )(\OML/cmm/m/it/12 tt[]\OT1/cmr/m/n/12 ) \OMS/cmsy/m/n/12 ^^@
 \OT1/cmr/m/n/12 (\OML/cmm/m/it/12 ss[]\OT1/cmr/m/n/12 )(\OML/cmm/m/it/12 tb[]\
OT1/cmr/m/n/12 ) = (\OML/cmm/m/it/12 s[]a \OMS/cmsy/m/n/12 ^^@ \OML/cmm/m/it/12
 sa[]\OT1/cmr/m/n/12 )\OML/cmm/m/it/12 t[]t \OT1/cmr/m/n/12 + (\OML/cmm/m/it/12
 ss[]\OT1/cmr/m/n/12 )(\OML/cmm/m/it/12 t[]b \OMS/cmsy/m/n/12 ^^@ \OML/cmm/m/it
/12 tb[]\OT1/cmr/m/n/12 ) = 0
 []

<xymatrix 2x2 141>
Underfull \hbox (badness 10000) in paragraph at lines 859--861

 []


Underfull \hbox (badness 10000) in paragraph at lines 862--863

 []

<xymatrix 2x3 254> <xymatrix 2x2 141>
Overfull \hbox (9.37839pt too wide) has occurred while \output is active
[] \OT1/cmr/m/n/9 ANNA CADORET  COURS DE MASTER 1 []A SORBONNE UNIVERSIT[]E - V
ERSION 2019 (EN COURS D'ACTUALISATION) 
 []

[26]
Underfull \hbox (badness 10000) in paragraph at lines 883--884

 []


Underfull \hbox (badness 10000) in paragraph at lines 886--888

 []


Overfull \hbox (10.11731pt too wide) in paragraph at lines 890--891
\OT1/cmr/bx/n/12 Exercice. \OT1/cmr/m/n/12 On note $\U/msb/m/n/12 Q \OT1/cmr/m/
n/12 := \OML/cmm/m/it/12 Frac\OT1/cmr/m/n/12 (\U/msb/m/n/12 Z\OT1/cmr/m/n/12 )$
 et si $\OML/cmm/m/it/12 K$ \OT1/cmr/m/n/12 est un corps, on note $\OML/cmm/m/i
t/12 K\OT1/cmr/m/n/12 (\OML/cmm/m/it/12 X[]; [] ; X[]\OT1/cmr/m/n/12 ) := \OML/
cmm/m/it/12 Frac\OT1/cmr/m/n/12 (\OML/cmm/m/it/12 K\OT1/cmr/m/n/12 [\OML/cmm/m/
it/12 X[]; [] ; X[]\OT1/cmr/m/n/12 ])$.
 []

<xymatrix 2x2 141> [27]
Underfull \hbox (badness 10000) in paragraph at lines 926--927

 []


Underfull \hbox (badness 10000) in paragraph at lines 956--957

 []


Underfull \hbox (badness 10000) in paragraph at lines 958--959

 []


Underfull \hbox (badness 10000) in paragraph at lines 962--963

 []


Underfull \hbox (badness 10000) in paragraph at lines 964--965

 []


Underfull \hbox (badness 10000) in paragraph at lines 968--969

 []


Overfull \hbox (9.37839pt too wide) has occurred while \output is active
[] \OT1/cmr/m/n/9 ANNA CADORET  COURS DE MASTER 1 []A SORBONNE UNIVERSIT[]E - V
ERSION 2019 (EN COURS D'ACTUALISATION) 
 []

[28]
Underfull \hbox (badness 10000) in paragraph at lines 971--972

 []


Underfull \hbox (badness 10000) in paragraph at lines 989--990

 []


Overfull \hbox (1.17859pt too wide) in paragraph at lines 991--992
[]\OT1/cmr/bx/n/12 (Crit^^Rere d'Ei-sen-stein) \OT1/cmr/m/n/12 Soit $\OML/cmm/m
/it/12 A$ \OT1/cmr/m/n/12 un an-neau fac-to-riel de corps des frac-tions $\OML/
cmm/m/it/12 K$ \OT1/cmr/m/n/12 et $\OML/cmm/m/it/12 P \OT1/cmr/m/n/12 = [][] \O
ML/cmm/m/it/12 a[]X[] \OMS/cmsy/m/n/12 2
 []


Underfull \hbox (badness 10000) in paragraph at lines 991--992

 []


Underfull \hbox (badness 10000) in paragraph at lines 993--994

 []


Underfull \hbox (badness 10000) in paragraph at lines 994--995

 []

[29]
Underfull \hbox (badness 10000) in paragraph at lines 998--999

 []


Underfull \hbox (badness 10000) in paragraph at lines 1000--1001

 []


Underfull \hbox (badness 10000) in paragraph at lines 1002--1003

 []


Underfull \hbox (badness 10000) in paragraph at lines 1014--1015

 []


Underfull \hbox (badness 10000) in paragraph at lines 1028--1029

 []


Overfull \hbox (9.37839pt too wide) has occurred while \output is active
[] \OT1/cmr/m/n/9 ANNA CADORET  COURS DE MASTER 1 []A SORBONNE UNIVERSIT[]E - V
ERSION 2019 (EN COURS D'ACTUALISATION) 
 []

[30]
Underfull \hbox (badness 10000) in paragraph at lines 1038--1039

 []

LaTeX Font Info:    Try loading font information for OMS+cmr on input line 1040
.
(/usr/local/texlive/2018/texmf-dist/tex/latex/base/omscmr.fd
File: omscmr.fd 2014/09/29 v2.5h Standard LaTeX font definitions
)
LaTeX Font Info:    Font shape `OMS/cmr/m/n' in size <12> not available
(Font)              Font shape `OMS/cmsy/m/n' tried instead on input line 1040.


Underfull \hbox (badness 10000) in paragraph at lines 1044--1045

 []


Underfull \hbox (badness 10000) in paragraph at lines 1058--1059

 []

[31]
Underfull \hbox (badness 10000) in paragraph at lines 1060--1061

 []


Overfull \hbox (9.37839pt too wide) has occurred while \output is active
[] \OT1/cmr/m/n/9 ANNA CADORET  COURS DE MASTER 1 []A SORBONNE UNIVERSIT[]E - V
ERSION 2019 (EN COURS D'ACTUALISATION) 
 []

[32]
Underfull \hbox (badness 10000) in paragraph at lines 1089--1090

 []


Underfull \hbox (badness 10000) in paragraph at lines 1091--1092

 []


Underfull \hbox (badness 10000) in paragraph at lines 1093--1094

 []


Underfull \hbox (badness 10000) in paragraph at lines 1095--1096

 []


Underfull \hbox (badness 10000) in paragraph at lines 1100--1101

 []


Underfull \hbox (badness 10000) in paragraph at lines 1102--1103

 []


Underfull \hbox (badness 10000) in paragraph at lines 1109--1111

 []


Overfull \hbox (62.0521pt too wide) detected at line 1123
\OML/cmm/m/it/12 s[]t[]\OT1/cmr/m/n/12 (\OML/cmm/m/it/12 s[]t[]\OT1/cmr/m/n/12 
(\OML/cmm/m/it/12 ta \OT1/cmr/m/n/12 + \OML/cmm/m/it/12 sb\OT1/cmr/m/n/12 ) \OM
S/cmsy/m/n/12 ^^@ \OML/cmm/m/it/12 st\OT1/cmr/m/n/12 (\OML/cmm/m/it/12 t[]a[] \
OT1/cmr/m/n/12 + \OML/cmm/m/it/12 s[]b[]\OT1/cmr/m/n/12 )) = \OML/cmm/m/it/12 s
[]s[]a[]tt[]t[] \OMS/cmsy/m/n/12 ^^@ \OML/cmm/m/it/12 t[]bss[]s[] \OMS/cmsy/m/n
/12 ^^@ \OML/cmm/m/it/12 s[]t[]st\OT1/cmr/m/n/12 (\OML/cmm/m/it/12 t[]a[] \OT1/
cmr/m/n/12 + \OML/cmm/m/it/12 s[]b[]\OT1/cmr/m/n/12 ) = \OML/cmm/m/it/12 s[]sa[
]tt[]t[] \OMS/cmsy/m/n/12 ^^@ \OML/cmm/m/it/12 tb[]ss[]s[] \OMS/cmsy/m/n/12 ^^@
 \OML/cmm/m/it/12 s[]t[]st\OT1/cmr/m/n/12 (\OML/cmm/m/it/12 t[]a[] \OT1/cmr/m/n
/12 + \OML/cmm/m/it/12 s[]b[]\OT1/cmr/m/n/12 ) = 0
 []

<xymatrix 2x2 141> [33]
Underfull \hbox (badness 10000) in paragraph at lines 1132--1134

 []


Underfull \hbox (badness 10000) in paragraph at lines 1135--1136

 []

<xymatrix 2x3 254> <xymatrix 2x2 141>
Underfull \hbox (badness 10000) in paragraph at lines 1157--1158

 []


Overfull \hbox (9.37839pt too wide) has occurred while \output is active
[] \OT1/cmr/m/n/9 ANNA CADORET  COURS DE MASTER 1 []A SORBONNE UNIVERSIT[]E - V
ERSION 2019 (EN COURS D'ACTUALISATION) 
 []

[34]
Underfull \hbox (badness 10000) in paragraph at lines 1163--1164

 []


Underfull \hbox (badness 10000) in paragraph at lines 1168--1169

 []


Underfull \hbox (badness 10000) in paragraph at lines 1170--1171

 []


Underfull \hbox (badness 10000) in paragraph at lines 1172--1173

 []


Underfull \hbox (badness 10000) in paragraph at lines 1174--1175

 []


Underfull \hbox (badness 10000) in paragraph at lines 1176--1177

 []


Underfull \hbox (badness 10000) in paragraph at lines 1192--1194

 []

[35]
Underfull \hbox (badness 10000) in paragraph at lines 1195--1197

 []

<xymatrix 2x1 94>
Underfull \hbox (badness 10000) in paragraph at lines 1210--1211

 []


Overfull \hbox (9.37839pt too wide) has occurred while \output is active
[] \OT1/cmr/m/n/9 ANNA CADORET  COURS DE MASTER 1 []A SORBONNE UNIVERSIT[]E - V
ERSION 2019 (EN COURS D'ACTUALISATION) 
 []

[36]
Underfull \hbox (badness 10000) in paragraph at lines 1230--1231

 []

<xymatrix 4x3 296>
Underfull \hbox (badness 10000) in paragraph at lines 1242--1243

 []


Underfull \hbox (badness 10000) in paragraph at lines 1247--1248

 []

<xymatrix 2x2 141> [37]
Underfull \hbox (badness 10000) in paragraph at lines 1260--1263

 []


Underfull \hbox (badness 10000) in paragraph at lines 1265--1266

 []


Underfull \hbox (badness 10000) in paragraph at lines 1267--1268

 []


Underfull \hbox (badness 10000) in paragraph at lines 1273--1274

 []


Underfull \hbox (badness 10000) in paragraph at lines 1275--1276

 []


Underfull \hbox (badness 10000) in paragraph at lines 1279--1280

 []


Overfull \hbox (9.37839pt too wide) has occurred while \output is active
[] \OT1/cmr/m/n/9 ANNA CADORET  COURS DE MASTER 1 []A SORBONNE UNIVERSIT[]E - V
ERSION 2019 (EN COURS D'ACTUALISATION) 
 []

[38]
Underfull \hbox (badness 10000) in paragraph at lines 1282--1284

 []


Underfull \hbox (badness 10000) in paragraph at lines 1287--1288

 []


Underfull \hbox (badness 10000) in paragraph at lines 1308--1309

 []


Underfull \hbox (badness 10000) in paragraph at lines 1310--1311

 []


Underfull \hbox (badness 10000) in paragraph at lines 1313--1315

 []

[39]
Underfull \hbox (badness 10000) in paragraph at lines 1322--1323

 []


Underfull \hbox (badness 10000) in paragraph at lines 1323--1324

 []


Underfull \hbox (badness 10000) in paragraph at lines 1328--1330

 []


Underfull \hbox (badness 10000) in paragraph at lines 1332--1333

 []


Underfull \hbox (badness 10000) in paragraph at lines 1336--1337

 []


Underfull \hbox (badness 10000) in paragraph at lines 1337--1338

 []


Underfull \hbox (badness 10000) in paragraph at lines 1345--1346

 []


Underfull \hbox (badness 10000) in paragraph at lines 1351--1353

 []


Overfull \hbox (9.37839pt too wide) has occurred while \output is active
[] \OT1/cmr/m/n/9 ANNA CADORET  COURS DE MASTER 1 []A SORBONNE UNIVERSIT[]E - V
ERSION 2019 (EN COURS D'ACTUALISATION) 
 []

[40]
Underfull \hbox (badness 10000) in paragraph at lines 1355--1357

 []


LaTeX Warning: Reference `ProduitSommeDirecte' on page 41 undefined on input li
ne 1366.

<xymatrix 6x3 512>
Underfull \hbox (badness 10000) in paragraph at lines 1374--1375

 []


Underfull \hbox (badness 10000) in paragraph at lines 1380--1382

 []

[41]
Underfull \hbox (badness 10000) in paragraph at lines 1390--1391

 []


Underfull \hbox (badness 10000) in paragraph at lines 1399--1400

 []

<xymatrix 2x2 141>
Overfull \hbox (9.37839pt too wide) has occurred while \output is active
[] \OT1/cmr/m/n/9 ANNA CADORET  COURS DE MASTER 1 []A SORBONNE UNIVERSIT[]E - V
ERSION 2019 (EN COURS D'ACTUALISATION) 
 []

[42]
Underfull \hbox (badness 10000) in paragraph at lines 1420--1422

 []

<xymatrix 3x2 231> <xymatrix 5x3 358>
Underfull \hbox (badness 10000) in paragraph at lines 1439--1441

 []


Underfull \hbox (badness 10000) in paragraph at lines 1448--1450

 []

[43]
Underfull \hbox (badness 10000) in paragraph at lines 1457--1457

 []


Underfull \hbox (badness 10000) in paragraph at lines 1460--1461

 []


Underfull \hbox (badness 10000) in paragraph at lines 1462--1463

 []


Underfull \hbox (badness 10000) in paragraph at lines 1464--1465

 []

<xymatrix 2x2 182> <xymatrix 5x2 393>
Overfull \hbox (9.37839pt too wide) has occurred while \output is active
[] \OT1/cmr/m/n/9 ANNA CADORET  COURS DE MASTER 1 []A SORBONNE UNIVERSIT[]E - V
ERSION 2019 (EN COURS D'ACTUALISATION) 
 []

[44] <xymatrix 5x2 519>
Underfull \hbox (badness 10000) in paragraph at lines 1521--1522

 []


Underfull \hbox (badness 10000) in paragraph at lines 1530--1530

 []


Underfull \hbox (badness 10000) in paragraph at lines 1532--1533

 []

[45]
Underfull \hbox (badness 10000) in paragraph at lines 1552--1553

 []


Underfull \hbox (badness 10000) in paragraph at lines 1559--1560

 []


Underfull \hbox (badness 10000) in paragraph at lines 1560--1561

 []


Underfull \hbox (badness 10000) in paragraph at lines 1561--1562

 []


Overfull \hbox (11.65758pt too wide) in paragraph at lines 1575--1576
[]\OT1/cmr/m/n/12 Supposons $\OML/cmm/m/it/12 M$ \OT1/cmr/m/n/12 noe-the-rien (
resp. ar-ti-nien). Toute suite crois-sante (resp. d^^Secroissante)
 []


Overfull \hbox (9.37839pt too wide) has occurred while \output is active
[] \OT1/cmr/m/n/9 ANNA CADORET  COURS DE MASTER 1 []A SORBONNE UNIVERSIT[]E - V
ERSION 2019 (EN COURS D'ACTUALISATION) 
 []

[46] <xymatrix 5x2 416> <xymatrix 5x2 458> <xymatrix 5x2 458> [47]
Underfull \hbox (badness 10000) in paragraph at lines 1613--1614

 []

No file 201920_SU_ATG.ind.

Overfull \hbox (9.37839pt too wide) has occurred while \output is active
[] \OT1/cmr/m/n/9 ANNA CADORET  COURS DE MASTER 1 []A SORBONNE UNIVERSIT[]E - V
ERSION 2019 (EN COURS D'ACTUALISATION) 
 []

[48] (./201920_SU_ATG.aux)

LaTeX Warning: There were undefined references.


LaTeX Warning: There were multiply-defined labels.

 ) 
Here is how much of TeX's memory you used:
 7429 strings out of 492616
 97876 string characters out of 6128983
 326034 words of memory out of 5000000
 11031 multiletter control sequences out of 15000+600000
 15703 words of font info for 64 fonts, out of 8000000 for 9000
 1302 hyphenation exceptions out of 8191
 41i,14n,32p,1725b,777s stack positions out of 5000i,500n,10000p,200000b,80000s
</usr/local/texlive/2018/texmf-dist/fonts/type1/public/amsfonts/cm/cmbx10.pfb
></usr/local/texlive/2018/texmf-dist/fonts/type1/public/amsfonts/cm/cmbx12.pfb>
</usr/local/texlive/2018/texmf-dist/fonts/type1/public/amsfonts/cm/cmcsc10.pfb>
</usr/local/texlive/2018/texmf-dist/fonts/type1/public/amsfonts/cm/cmex10.pfb><
/usr/local/texlive/2018/texmf-dist/fonts/type1/public/amsfonts/cm/cmmi10.pfb></
usr/local/texlive/2018/texmf-dist/fonts/type1/public/amsfonts/cm/cmmi12.pfb></u
sr/local/texlive/2018/texmf-dist/fonts/type1/public/amsfonts/cm/cmmi6.pfb></usr
/local/texlive/2018/texmf-dist/fonts/type1/public/amsfonts/cm/cmmi8.pfb></usr/l
ocal/texlive/2018/texmf-dist/fonts/type1/public/amsfonts/cm/cmr10.pfb></usr/loc
al/texlive/2018/texmf-dist/fonts/type1/public/amsfonts/cm/cmr12.pfb></usr/local
/texlive/2018/texmf-dist/fonts/type1/public/amsfonts/cm/cmr6.pfb></usr/local/te
xlive/2018/texmf-dist/fonts/type1/public/amsfonts/cm/cmr8.pfb></usr/local/texli
ve/2018/texmf-dist/fonts/type1/public/amsfonts/cm/cmr9.pfb></usr/local/texlive/
2018/texmf-dist/fonts/type1/public/amsfonts/cm/cmsy10.pfb></usr/local/texlive/2
018/texmf-dist/fonts/type1/public/amsfonts/cm/cmsy6.pfb></usr/local/texlive/201
8/texmf-dist/fonts/type1/public/amsfonts/cm/cmsy8.pfb></usr/local/texlive/2018/
texmf-dist/fonts/type1/public/amsfonts/cm/cmti10.pfb></usr/local/texlive/2018/t
exmf-dist/fonts/type1/public/amsfonts/cm/cmti12.pfb></usr/local/texlive/2018/te
xmf-dist/fonts/type1/public/amsfonts/euler/eufm10.pfb></usr/local/texlive/2018/
texmf-dist/fonts/type1/public/amsfonts/symbols/msam10.pfb></usr/local/texlive/2
018/texmf-dist/fonts/type1/public/amsfonts/symbols/msbm10.pfb></usr/local/texli
ve/2018/texmf-dist/fonts/type1/public/amsfonts/symbols/msbm7.pfb></usr/local/te
xlive/2018/texmf-dist/fonts/type1/public/xypic/xyatip10.pfb></usr/local/texlive
/2018/texmf-dist/fonts/type1/public/xypic/xybsql10.pfb></usr/local/texlive/2018
/texmf-dist/fonts/type1/public/xypic/xybtip10.pfb></usr/local/texlive/2018/texm
f-dist/fonts/type1/public/xypic/xydash10.pfb>
Output written on 201920_SU_ATG.pdf (48 pages, 532164 bytes).
PDF statistics:
 264 PDF objects out of 1000 (max. 8388607)
 186 compressed objects within 2 object streams
 0 named destinations out of 1000 (max. 500000)
 1 words of extra memory for PDF output out of 10000 (max. 10000000)

