\BOOKMARK [-1][-]{part.1}{I Anneaux - généralités}{}% 1
\BOOKMARK [0][-]{chapter.1}{Premières définitions et constructions}{part.1}% 2
\BOOKMARK [1][-]{section.1.1}{Définitions}{chapter.1}% 3
\BOOKMARK [2][-]{subsection.1.1.1}{}{section.1.1}% 4
\BOOKMARK [2][-]{subsection.1.1.2}{}{section.1.1}% 5
\BOOKMARK [2][-]{subsection.1.1.3}{}{section.1.1}% 6
\BOOKMARK [2][-]{subsection.1.1.4}{}{section.1.1}% 7
\BOOKMARK [2][-]{subsection.1.1.5}{}{section.1.1}% 8
\BOOKMARK [2][-]{subsection.1.1.6}{}{section.1.1}% 9
\BOOKMARK [1][-]{section.1.2}{Produits}{chapter.1}% 10
\BOOKMARK [1][-]{section.1.3}{Algèbres de polynômes}{chapter.1}% 11
\BOOKMARK [1][-]{section.1.4}{Sous-anneau engendré par une partie}{chapter.1}% 12
\BOOKMARK [1][-]{section.1.5}{Sous-A-algèbre engendrée par une partie}{chapter.1}% 13
\BOOKMARK [0][-]{chapter.2}{Idéaux et quotients}{part.1}% 14
\BOOKMARK [1][-]{section.2.1}{Définitions, premiers exemples}{chapter.2}% 15
\BOOKMARK [2][-]{subsection.2.1.1}{}{section.2.1}% 16
\BOOKMARK [2][-]{subsection.2.1.2}{Idéal engendré par une partie, sommes d'idéaux}{section.2.1}% 17
\BOOKMARK [2][-]{subsection.2.1.3}{Produits d'idéaux}{section.2.1}% 18
\BOOKMARK [2][-]{subsection.2.1.4}{}{section.2.1}% 19
\BOOKMARK [1][-]{section.2.2}{Quotient}{chapter.2}% 20
\BOOKMARK [1][-]{section.2.3}{Corps et idéaux maximaux}{chapter.2}% 21
\BOOKMARK [2][-]{subsection.2.3.1}{Anneaux intègres et idéaux premiers}{section.2.3}% 22
\BOOKMARK [2][-]{subsection.2.3.2}{Anneaux réduits et idéaux radiciels}{section.2.3}% 23
\BOOKMARK [2][-]{subsection.2.3.3}{}{section.2.3}% 24
\BOOKMARK [0][-]{chapter.3}{Anneaux\040noetheriens}{part.1}% 25
\BOOKMARK [1][-]{section.3.1}{Lemme}{chapter.3}% 26
\BOOKMARK [1][-]{section.3.2}{Exemples}{chapter.3}% 27
\BOOKMARK [1][-]{section.3.3}{Proposition}{chapter.3}% 28
\BOOKMARK [1][-]{section.3.4}{Corollaire}{chapter.3}% 29
\BOOKMARK [1][-]{section.3.5}{Exercices}{chapter.3}% 30
\BOOKMARK [0][-]{chapter.4}{Anneaux\040principaux,\040euclidiens\040}{part.1}% 31
\BOOKMARK [1][-]{section.4.1}{\040}{chapter.4}% 32
\BOOKMARK [1][-]{section.4.2}{Exemples}{chapter.4}% 33
\BOOKMARK [1][-]{section.4.3}{Lemme}{chapter.4}% 34
\BOOKMARK [1][-]{section.4.4}{Exercice}{chapter.4}% 35
\BOOKMARK [1][-]{section.4.5}{Lemme}{chapter.4}% 36
\BOOKMARK [0][-]{chapter.5}{Anneaux\040factoriels}{part.1}% 37
\BOOKMARK [1][-]{section.5.1}{Eléments irréductibles, éléments premiers}{chapter.5}% 38
\BOOKMARK [1][-]{section.5.2}{Proposition}{chapter.5}% 39
\BOOKMARK [1][-]{section.5.3}{Polynômes sur les anneaux factoriels}{chapter.5}% 40
\BOOKMARK [2][-]{subsection.5.3.1}{}{section.5.3}% 41
\BOOKMARK [2][-]{subsection.5.3.2}{Valuations\040p-adiques}{section.5.3}% 42
\BOOKMARK [2][-]{subsection.5.3.3}{Contenu}{section.5.3}% 43
\BOOKMARK [2][-]{subsection.5.3.4}{}{section.5.3}% 44
\BOOKMARK [2][-]{subsection.5.3.5}{}{section.5.3}% 45
\BOOKMARK [2][-]{subsection.5.3.6}{}{section.5.3}% 46
\BOOKMARK [1][-]{section.5.4}{Valuations\040et\040anneaux\040factoriels}{chapter.5}% 47
\BOOKMARK [2][-]{subsection.5.4.1}{Définitions et anneaux de valuation discrète}{section.5.4}% 48
\BOOKMARK [2][-]{subsection.5.4.2}{Factorialité}{section.5.4}% 49
\BOOKMARK [2][-]{subsection.5.4.3}{ppcm\040et\040pgcd}{section.5.4}% 50
\BOOKMARK [0][-]{chapter.6}{Localisation,\040anneaux\040de\040fractions.}{part.1}% 51
\BOOKMARK [1][-]{section.6.1}{Localisations}{chapter.6}% 52
\BOOKMARK [2][-]{subsection.6.1.1}{Parties\040multiplicatives}{section.6.1}% 53
\BOOKMARK [2][-]{subsection.6.1.2}{Définition}{section.6.1}% 54
\BOOKMARK [2][-]{subsection.6.1.3}{Propriété universelle}{section.6.1}% 55
\BOOKMARK [2][-]{subsection.6.1.4}{Morphismes}{section.6.1}% 56
\BOOKMARK [1][-]{section.6.2}{Idéaux}{chapter.6}% 57
\BOOKMARK [0][-]{chapter.7}{Completion\040\(Hors\040programme\)}{part.1}% 58
\BOOKMARK [1][-]{section.7.1}{Limites\040projectives}{chapter.7}% 59
\BOOKMARK [2][-]{subsection.7.1.1}{}{section.7.1}% 60
\BOOKMARK [2][-]{subsection.7.1.2}{}{section.7.1}% 61
\BOOKMARK [1][-]{section.7.2}{}{chapter.7}% 62
\BOOKMARK [2][-]{subsection.7.2.1}{}{section.7.2}% 63
\BOOKMARK [2][-]{subsection.7.2.2}{}{section.7.2}% 64
\BOOKMARK [0][-]{chapter.8}{Un peu de géométrie \(Hors programme\)}{part.1}% 65
\BOOKMARK [-1][-]{part.2}{II\040Modules\040sur\040un\040anneaux}{}% 66
\BOOKMARK [0][-]{chapter.9}{Premières définitions et constructions}{part.2}% 67
\BOOKMARK [1][-]{section.9.1}{Définitions}{chapter.9}% 68
\BOOKMARK [2][-]{subsection.9.1.1}{}{section.9.1}% 69
\BOOKMARK [2][-]{subsection.9.1.2}{Exemples}{section.9.1}% 70
\BOOKMARK [2][-]{subsection.9.1.3}{}{section.9.1}% 71
\BOOKMARK [1][-]{section.9.2}{Produits\040et\040sommes\040directes}{chapter.9}% 72
\BOOKMARK [1][-]{section.9.3}{Sous-module engendré par une partie, sommes}{chapter.9}% 73
\BOOKMARK [1][-]{section.9.4}{Quotients}{chapter.9}% 74
\BOOKMARK [2][-]{subsection.9.4.1}{}{section.9.4}% 75
\BOOKMARK [2][-]{subsection.9.4.2}{}{section.9.4}% 76
\BOOKMARK [0][-]{chapter.10}{Conditions\040de\040finitude}{part.2}% 77
\BOOKMARK [1][-]{section.10.1}{Lemme}{chapter.10}% 78
\BOOKMARK [1][-]{section.10.2}{Lemme}{chapter.10}% 79
\BOOKMARK [1][-]{section.10.3}{Exemple}{chapter.10}% 80
\BOOKMARK [1][-]{section.10.4}{Lemme}{chapter.10}% 81
\BOOKMARK [1][-]{section.10.5}{Lemme}{chapter.10}% 82
\BOOKMARK [0][-]{Item.129}{Index}{part.2}% 83
